DEB [20160707-17:24:22.868] thr=1   paramiko.transport: starting thread (client mode): 0x44b8150L
DEB [20160707-17:24:22.869] thr=1   paramiko.transport: Local version/idstring: SSH-2.0-paramiko_2.0.1
DEB [20160707-17:24:22.933] thr=1   paramiko.transport: Remote version/idstring: SSH-2.0-OpenSSH_5.3
INF [20160707-17:24:22.933] thr=1   paramiko.transport: Connected (version 2.0, client OpenSSH_5.3)
DEB [20160707-17:24:22.966] thr=1   paramiko.transport: kex algos:[u'diffie-hellman-group-exchange-sha256', u'diffie-hellman-group-exchange-sha1', u'diffie-hellman-group14-sha1', u'diffie-hellman-group1-sha1'] server key:[u'ssh-rsa', u'ssh-dss'] client encrypt:[u'aes128-ctr', u'aes192-ctr', u'aes256-ctr', u'arcfour256', u'arcfour128', u'aes128-cbc', u'3des-cbc', u'blowfish-cbc', u'cast128-cbc', u'aes192-cbc', u'aes256-cbc', u'arcfour', u'rijndael-cbc@lysator.liu.se'] server encrypt:[u'aes128-ctr', u'aes192-ctr', u'aes256-ctr', u'arcfour256', u'arcfour128', u'aes128-cbc', u'3des-cbc', u'blowfish-cbc', u'cast128-cbc', u'aes192-cbc', u'aes256-cbc', u'arcfour', u'rijndael-cbc@lysator.liu.se'] client mac:[u'hmac-md5', u'hmac-sha1', u'umac-64@openssh.com', u'hmac-sha2-256', u'hmac-sha2-512', u'hmac-ripemd160', u'hmac-ripemd160@openssh.com', u'hmac-sha1-96', u'hmac-md5-96'] server mac:[u'hmac-md5', u'hmac-sha1', u'umac-64@openssh.com', u'hmac-sha2-256', u'hmac-sha2-512', u'hmac-ripemd160', u'hmac-ripemd160@openssh.com', u'hmac-sha1-96', u'hmac-md5-96'] client compress:[u'none', u'zlib@openssh.com'] server compress:[u'none', u'zlib@openssh.com'] client lang:[u''] server lang:[u''] kex follows?False
DEB [20160707-17:24:22.966] thr=1   paramiko.transport: Kex agreed: diffie-hellman-group1-sha1
DEB [20160707-17:24:22.966] thr=1   paramiko.transport: Cipher agreed: aes128-ctr
DEB [20160707-17:24:22.967] thr=1   paramiko.transport: MAC agreed: hmac-sha2-256
DEB [20160707-17:24:22.967] thr=1   paramiko.transport: Compression agreed: none
DEB [20160707-17:24:23.124] thr=1   paramiko.transport: kex engine KexGroup1 specified hash_algo <built-in function openssl_sha1>
DEB [20160707-17:24:23.124] thr=1   paramiko.transport: Switch to new keys ...
DEB [20160707-17:24:23.159] thr=2   paramiko.transport: Trying key 15be7ad57f401764c14b5ebe0e6f9109 from /Users/dbaskette/.ssh/google_compute_engine
DEB [20160707-17:24:23.228] thr=1   paramiko.transport: userauth is OK
INF [20160707-17:24:23.316] thr=1   paramiko.transport: Authentication (publickey) successful!
DEB [20160707-17:24:23.337] thr=2   paramiko.transport: [chan 0] Max packet in: 32768 bytes
DEB [20160707-17:24:23.513] thr=1   paramiko.transport: [chan 0] Max packet out: 32768 bytes
DEB [20160707-17:24:23.513] thr=1   paramiko.transport: Secsh channel 0 opened.
DEB [20160707-17:24:23.573] thr=1   paramiko.transport: [chan 0] Sesch channel 0 request ok
INF [20160707-17:24:23.613] thr=2   paramiko.transport.sftp: [chan 0] Opened sftp connection (server version 3)
DEB [20160707-17:24:23.613] thr=2   paramiko.transport.sftp: [chan 0] open('/tmp/sysctl.conf.cape', 'wb')
DEB [20160707-17:24:23.660] thr=2   paramiko.transport.sftp: [chan 0] open('/tmp/sysctl.conf.cape', 'wb') -> 00000000
DEB [20160707-17:24:23.661] thr=2   paramiko.transport.sftp: [chan 0] close(00000000)
DEB [20160707-17:24:23.726] thr=2   paramiko.transport.sftp: [chan 0] stat('/tmp/sysctl.conf.cape')
DEB [20160707-17:24:23.763] thr=2   paramiko.transport.sftp: [chan 0] open('/tmp/fstab.cape', 'wb')
DEB [20160707-17:24:23.798] thr=2   paramiko.transport.sftp: [chan 0] open('/tmp/fstab.cape', 'wb') -> 00000000
DEB [20160707-17:24:23.799] thr=2   paramiko.transport.sftp: [chan 0] close(00000000)
DEB [20160707-17:24:23.865] thr=2   paramiko.transport.sftp: [chan 0] stat('/tmp/fstab.cape')
DEB [20160707-17:24:23.901] thr=2   paramiko.transport.sftp: [chan 0] open('/tmp/limits.conf.cape', 'wb')
DEB [20160707-17:24:23.937] thr=2   paramiko.transport.sftp: [chan 0] open('/tmp/limits.conf.cape', 'wb') -> 00000000
DEB [20160707-17:24:23.938] thr=2   paramiko.transport.sftp: [chan 0] close(00000000)
DEB [20160707-17:24:24.240] thr=2   paramiko.transport.sftp: [chan 0] stat('/tmp/limits.conf.cape')
DEB [20160707-17:24:24.275] thr=2   paramiko.transport.sftp: [chan 0] open('/tmp/prepareHost.sh', 'wb')
DEB [20160707-17:24:24.323] thr=2   paramiko.transport.sftp: [chan 0] open('/tmp/prepareHost.sh', 'wb') -> 00000000
DEB [20160707-17:24:24.324] thr=2   paramiko.transport.sftp: [chan 0] close(00000000)
DEB [20160707-17:24:24.431] thr=2   paramiko.transport.sftp: [chan 0] stat('/tmp/prepareHost.sh')
DEB [20160707-17:24:24.468] thr=2   paramiko.transport: [chan 1] Max packet in: 32768 bytes
DEB [20160707-17:24:24.505] thr=1   paramiko.transport: [chan 1] Max packet out: 32768 bytes
DEB [20160707-17:24:24.505] thr=1   paramiko.transport: Secsh channel 1 opened.
DEB [20160707-17:24:24.577] thr=1   paramiko.transport: [chan 1] Sesch channel 1 request ok
DEB [20160707-17:24:24.577] thr=2   paramiko.transport: [chan 2] Max packet in: 32768 bytes
DEB [20160707-17:24:24.614] thr=1   paramiko.transport: [chan 2] Max packet out: 32768 bytes
DEB [20160707-17:24:24.614] thr=1   paramiko.transport: Secsh channel 2 opened.
DEB [20160707-17:24:24.636] thr=1   paramiko.transport: [chan 1] EOF received (1)
DEB [20160707-17:24:24.636] thr=1   paramiko.transport: [chan 1] EOF sent (1)
DEB [20160707-17:24:24.743] thr=1   paramiko.transport: [chan 2] Sesch channel 2 request ok
DEB [20160707-17:24:49.079] thr=1   paramiko.transport: [chan 2] EOF received (2)
DEB [20160707-17:24:49.079] thr=2   paramiko.transport: [chan 3] Max packet in: 32768 bytes
DEB [20160707-17:24:49.080] thr=1   paramiko.transport: [chan 2] EOF sent (2)
DEB [20160707-17:24:49.123] thr=1   paramiko.transport: [chan 3] Max packet out: 32768 bytes
DEB [20160707-17:24:49.123] thr=1   paramiko.transport: Secsh channel 3 opened.
DEB [20160707-17:24:49.232] thr=1   paramiko.transport: [chan 3] Sesch channel 3 request ok
DEB [20160707-17:24:49.278] thr=1   paramiko.transport: [chan 3] EOF received (3)
DEB [20160707-17:24:49.278] thr=1   paramiko.transport: EOF in transport thread
